<?xml version="1.0" encoding="UTF-8"?>
<!-- Generated by org.testng.reporters.JUnitReportReporter -->
<testsuite hostname="DESKTOP-EMV0RD9" failures="0" tests="1" name="com.qa.tests.LoginTest" time="0.007" errors="0" timestamp="2021-05-26T23:33:29 IST" skipped="0">
  <testcase classname="com.qa.tests.LoginTest" name="test1" time="0.007"/>
  <system-out/>
</testsuite> <!-- com.qa.tests.LoginTest -->
